INFO: 2025/09/16 18:19:10 logger.go:46: Keeping temp clone directories in: C:\Users\prash\AppData\Local\Temp\ort_repos_1939545468
INFO: 2025/09/16 18:19:13 logger.go:46: Repo cloned to C:\Users\prash\AppData\Local\Temp\ort_repos_1939545468\cobra_1758026950
INFO: 2025/09/16 18:19:13 logger.go:46: Processing project: C:\Users\prash\AppData\Local\Temp\ort_repos_1939545468\cobra_1758026950
INFO: 2025/09/16 18:19:13 logger.go:46: Running Syft in C:\Users\prash\AppData\Local\Temp\ort_repos_1939545468\cobra_1758026950
INFO: 2025/09/16 18:19:13 logger.go:46: Running: syft [scan C:\Users\prash\AppData\Local\Temp\ort_repos_1939545468\cobra_1758026950 -o json=C:\Users\prash\AppData\Local\Temp\ort_repos_1939545468\cobra_1758026950\syft.json]
INFO: 2025/09/16 18:19:15 logger.go:46: Checking handler: Java
INFO: 2025/09/16 18:19:15 logger.go:46: Handler Java: not detected in project
INFO: 2025/09/16 18:19:15 logger.go:46: Checking handler: Go
INFO: 2025/09/16 18:19:15 logger.go:46: Handler Go: detected. Scanning...
INFO: 2025/09/16 18:19:16 logger.go:46: Handler Go: no dependencies found.
INFO: 2025/09/16 18:19:16 logger.go:46: Checking handler: Python
INFO: 2025/09/16 18:19:16 logger.go:46: Handler Python: not detected in project
INFO: 2025/09/16 18:19:16 logger.go:46: Checking handler: Node.js
INFO: 2025/09/16 18:19:16 logger.go:46: Handler Node.js: not detected in project
INFO: 2025/09/16 18:19:16 logger.go:46: Checking handler: Rust
INFO: 2025/09/16 18:19:16 logger.go:46: Handler Rust: not detected in project
INFO: 2025/09/16 18:19:16 logger.go:46: Checking handler: .NET
INFO: 2025/09/16 18:19:16 logger.go:46: Handler .NET: not detected in project
INFO: 2025/09/16 18:19:16 logger.go:46: Checking handler: Ruby
INFO: 2025/09/16 18:19:16 logger.go:46: Handler Ruby: not detected in project
INFO: 2025/09/16 18:19:16 logger.go:46: Checking handler: PHP
INFO: 2025/09/16 18:19:16 logger.go:46: Handler PHP: not detected in project
INFO: 2025/09/16 18:19:16 logger.go:46: Checking handler: C++
INFO: 2025/09/16 18:19:16 logger.go:46: Handler C++: detected. Scanning...
INFO: 2025/09/16 18:19:16 logger.go:46: Handler C++: generating recovery file (deps: 1)...
INFO: 2025/09/16 18:19:16 logger.go:46: Checking handler: Swift
INFO: 2025/09/16 18:19:16 logger.go:46: Handler Swift: not detected in project
INFO: 2025/09/16 18:19:16 logger.go:46: Cleaning up C:\Users\prash\AppData\Local\Temp\ort_repos_1939545468\cobra_1758026950\syft.json after processing
INFO: 2025/09/16 18:19:16 logger.go:46: Total elapsed time: 5.4588157s
